1083 [restartedMain] INFO  c.company.practics.practic_23.MyApp
                – Starting MyApp using Java 17.0.3 with PID 47086 (/Users/AndreyNovikov/Desktop/Task/target/classes started by AndreyNovikov in /Users/AndreyNovikov/Desktop/Task)
1088 [restartedMain] INFO  c.company.practics.practic_23.MyApp
                – No active profile set, falling back to 1 default profile: "default"
1146 [restartedMain] INFO  o.s.b.d.e.DevToolsPropertyDefaultsPostProcessor
                – Devtools property defaults active! Set 'spring.devtools.add-properties' to 'false' to disable
1146 [restartedMain] INFO  o.s.b.d.e.DevToolsPropertyDefaultsPostProcessor
                – For additional web related logging consider setting the 'logging.level.web' property to 'DEBUG'
1796 [restartedMain] INFO  o.s.d.r.c.RepositoryConfigurationDelegate
                – Bootstrapping Spring Data JPA repositories in DEFAULT mode.
1867 [restartedMain] INFO  o.s.d.r.c.RepositoryConfigurationDelegate
                – Finished Spring Data repository scanning in 58 ms. Found 2 JPA repository interfaces.
2599 [restartedMain] INFO  o.s.b.w.e.tomcat.TomcatWebServer
                – Tomcat initialized with port(s): 8080 (http)
2609 [restartedMain] INFO  o.a.coyote.http11.Http11NioProtocol
                – Initializing ProtocolHandler ["http-nio-8080"]
2610 [restartedMain] INFO  o.a.catalina.core.StandardService
                – Starting service [Tomcat]
2610 [restartedMain] INFO  o.a.catalina.core.StandardEngine
                – Starting Servlet engine: [Apache Tomcat/10.1.5]
2669 [restartedMain] INFO  o.a.c.c.C.[Tomcat].[localhost].[/]
                – Initializing Spring embedded WebApplicationContext
2669 [restartedMain] INFO  o.s.b.w.s.c.ServletWebServerApplicationContext
                – Root WebApplicationContext: initialization completed in 1522 ms
2802 [restartedMain] INFO  com.zaxxer.hikari.HikariDataSource
                – HikariPool-1 - Starting...
3011 [restartedMain] INFO  com.zaxxer.hikari.pool.HikariPool
                – HikariPool-1 - Added connection org.postgresql.jdbc.PgConnection@3df5bd2a
3013 [restartedMain] INFO  com.zaxxer.hikari.HikariDataSource
                – HikariPool-1 - Start completed.
3064 [restartedMain] INFO  o.h.jpa.internal.util.LogHelper
                – HHH000204: Processing PersistenceUnitInfo [name: default]
3152 [restartedMain] INFO  org.hibernate.Version
                – HHH000412: Hibernate ORM core version 6.1.6.Final
3357 [restartedMain] WARN  org.hibernate.orm.deprecation
                – HHH90000021: Encountered deprecated setting [javax.persistence.sharedCache.mode], use [jakarta.persistence.sharedCache.mode] instead
3544 [restartedMain] INFO  SQL dialect
                – HHH000400: Using dialect: org.hibernate.dialect.PostgreSQLDialect
4488 [restartedMain] INFO  o.h.e.t.j.p.i.JtaPlatformInitiator
                – HHH000490: Using JtaPlatform implementation: [org.hibernate.engine.transaction.jta.platform.internal.NoJtaPlatform]
4497 [restartedMain] INFO  o.s.o.j.LocalContainerEntityManagerFactoryBean
                – Initialized JPA EntityManagerFactory for persistence unit 'default'
4962 [restartedMain] WARN  o.s.b.a.o.j.JpaBaseConfiguration$JpaWebConfiguration
                – spring.jpa.open-in-view is enabled by default. Therefore, database queries may be performed during view rendering. Explicitly configure spring.jpa.open-in-view to disable this warning
5265 [restartedMain] INFO  o.s.s.w.DefaultSecurityFilterChain
                – Will secure any request with [org.springframework.security.web.session.DisableEncodeUrlFilter@2aad3fe5, org.springframework.security.web.context.request.async.WebAsyncManagerIntegrationFilter@39f1616c, org.springframework.security.web.context.SecurityContextHolderFilter@c5d3dd6, org.springframework.security.web.header.HeaderWriterFilter@25ee666c, org.springframework.security.web.csrf.CsrfFilter@59f7f7c6, org.springframework.security.web.authentication.logout.LogoutFilter@61d47320, org.springframework.security.web.authentication.UsernamePasswordAuthenticationFilter@18de2d93, org.springframework.security.web.authentication.ui.DefaultLoginPageGeneratingFilter@197174e6, org.springframework.security.web.authentication.ui.DefaultLogoutPageGeneratingFilter@67e54190, org.springframework.security.web.savedrequest.RequestCacheAwareFilter@6387faa4, org.springframework.security.web.servletapi.SecurityContextHolderAwareRequestFilter@48568242, org.springframework.security.web.authentication.AnonymousAuthenticationFilter@8c4b58f, org.springframework.security.web.access.ExceptionTranslationFilter@44aa0a94, org.springframework.security.web.access.intercept.AuthorizationFilter@750d5311]
5495 [restartedMain] INFO  o.s.b.d.a.OptionalLiveReloadServer
                – LiveReload server is running on port 35729
5523 [restartedMain] INFO  o.a.coyote.http11.Http11NioProtocol
                – Starting ProtocolHandler ["http-nio-8080"]
5539 [restartedMain] INFO  o.s.b.w.e.tomcat.TomcatWebServer
                – Tomcat started on port(s): 8080 (http) with context path ''
5548 [scheduling-1] INFO  c.c.p.p.s.impl.SchedulerServiceImpl
                – cleanDirectoryAndBackupDatabase is started
5550 [restartedMain] INFO  c.company.practics.practic_23.MyApp
                – Started MyApp in 4.888 seconds (process running for 6.069)
5550 [scheduling-1] INFO  c.c.p.p.s.impl.SchedulerServiceImpl
                – backupStudent is started
5693 [scheduling-1] INFO  c.c.p.p.s.impl.SchedulerServiceImpl
                – backupStudent is finish
5693 [scheduling-1] INFO  c.c.p.p.s.impl.SchedulerServiceImpl
                – backupUniversity is started
5698 [scheduling-1] INFO  c.c.p.p.s.impl.SchedulerServiceImpl
                – backupUniversity is finish
5698 [scheduling-1] INFO  c.c.p.p.s.impl.SchedulerServiceImpl
                – cleanDirectoryAndBackupDatabase is finish
39071 [File Watcher] INFO  o.s.b.d.a.LocalDevToolsAutoConfiguration$RestartingClassPathChangeChangedEventListener
                – Restarting due to 31 class path changes (31 additions, 0 deletions, 0 modifications)
41081 [Thread-5] INFO  o.a.coyote.http11.Http11NioProtocol
                – Pausing ProtocolHandler ["http-nio-8080"]
41082 [Thread-5] WARN  o.a.tomcat.util.net.NioEndpoint
                – Failed to unlock acceptor for [http-nio-8080] because the local address was not available
41082 [Thread-5] INFO  o.a.catalina.core.StandardService
                – Stopping service [Tomcat]
41081 [http-nio-8080-Acceptor] ERROR o.apache.tomcat.util.net.Acceptor
                – Socket accept failed
java.nio.channels.AsynchronousCloseException: null
	at java.base/java.nio.channels.spi.AbstractInterruptibleChannel.end(AbstractInterruptibleChannel.java:202)
	at java.base/sun.nio.ch.ServerSocketChannelImpl.end(ServerSocketChannelImpl.java:376)
	at java.base/sun.nio.ch.ServerSocketChannelImpl.accept(ServerSocketChannelImpl.java:399)
	at org.apache.tomcat.util.net.NioEndpoint.serverSocketAccept(NioEndpoint.java:520)
	at org.apache.tomcat.util.net.NioEndpoint.serverSocketAccept(NioEndpoint.java:79)
	at org.apache.tomcat.util.net.Acceptor.run(Acceptor.java:128)
	at java.base/java.lang.Thread.run(Thread.java:833)
41089 [Thread-5] INFO  o.a.coyote.http11.Http11NioProtocol
                – Stopping ProtocolHandler ["http-nio-8080"]
41092 [Thread-5] INFO  o.a.coyote.http11.Http11NioProtocol
                – Destroying ProtocolHandler ["http-nio-8080"]
41096 [Thread-5] INFO  o.s.o.j.LocalContainerEntityManagerFactoryBean
                – Closing JPA EntityManagerFactory for persistence unit 'default'
41103 [Thread-5] INFO  com.zaxxer.hikari.HikariDataSource
                – HikariPool-1 - Shutdown initiated...
41124 [Thread-5] INFO  com.zaxxer.hikari.HikariDataSource
                – HikariPool-1 - Shutdown completed.
41240 [restartedMain] INFO  c.company.practics.practic_23.MyApp
                – Starting MyApp using Java 17.0.3 with PID 47086 (/Users/AndreyNovikov/Desktop/Task/target/classes started by AndreyNovikov in /Users/AndreyNovikov/Desktop/Task)
41254 [restartedMain] INFO  c.company.practics.practic_23.MyApp
                – No active profile set, falling back to 1 default profile: "default"
41458 [restartedMain] INFO  o.s.d.r.c.RepositoryConfigurationDelegate
                – Bootstrapping Spring Data JPA repositories in DEFAULT mode.
41470 [restartedMain] INFO  o.s.d.r.c.RepositoryConfigurationDelegate
                – Finished Spring Data repository scanning in 11 ms. Found 2 JPA repository interfaces.
41588 [restartedMain] INFO  o.s.b.w.e.tomcat.TomcatWebServer
                – Tomcat initialized with port(s): 8080 (http)
41589 [restartedMain] INFO  o.a.coyote.http11.Http11NioProtocol
                – Initializing ProtocolHandler ["http-nio-8080"]
41589 [restartedMain] INFO  o.a.catalina.core.StandardService
                – Starting service [Tomcat]
41589 [restartedMain] INFO  o.a.catalina.core.StandardEngine
                – Starting Servlet engine: [Apache Tomcat/10.1.5]
41605 [restartedMain] INFO  o.a.c.c.C.[Tomcat].[localhost].[/]
                – Initializing Spring embedded WebApplicationContext
41605 [restartedMain] INFO  o.s.b.w.s.c.ServletWebServerApplicationContext
                – Root WebApplicationContext: initialization completed in 348 ms
41642 [restartedMain] INFO  com.zaxxer.hikari.HikariDataSource
                – HikariPool-2 - Starting...
41674 [restartedMain] INFO  com.zaxxer.hikari.pool.HikariPool
                – HikariPool-2 - Added connection org.postgresql.jdbc.PgConnection@2986da73
41674 [restartedMain] INFO  com.zaxxer.hikari.HikariDataSource
                – HikariPool-2 - Start completed.
41675 [restartedMain] INFO  o.h.jpa.internal.util.LogHelper
                – HHH000204: Processing PersistenceUnitInfo [name: default]
41678 [restartedMain] WARN  org.hibernate.orm.deprecation
                – HHH90000021: Encountered deprecated setting [javax.persistence.sharedCache.mode], use [jakarta.persistence.sharedCache.mode] instead
41686 [restartedMain] INFO  SQL dialect
                – HHH000400: Using dialect: org.hibernate.dialect.PostgreSQLDialect
41785 [restartedMain] INFO  o.h.e.t.j.p.i.JtaPlatformInitiator
                – HHH000490: Using JtaPlatform implementation: [org.hibernate.engine.transaction.jta.platform.internal.NoJtaPlatform]
41786 [restartedMain] INFO  o.s.o.j.LocalContainerEntityManagerFactoryBean
                – Initialized JPA EntityManagerFactory for persistence unit 'default'
41966 [restartedMain] WARN  o.s.b.a.o.j.JpaBaseConfiguration$JpaWebConfiguration
                – spring.jpa.open-in-view is enabled by default. Therefore, database queries may be performed during view rendering. Explicitly configure spring.jpa.open-in-view to disable this warning
42080 [restartedMain] INFO  o.s.s.w.DefaultSecurityFilterChain
                – Will secure any request with [org.springframework.security.web.session.DisableEncodeUrlFilter@566ca58f, org.springframework.security.web.context.request.async.WebAsyncManagerIntegrationFilter@35055d70, org.springframework.security.web.context.SecurityContextHolderFilter@4b70e080, org.springframework.security.web.header.HeaderWriterFilter@7c8d0de9, org.springframework.security.web.csrf.CsrfFilter@3a87d9f0, org.springframework.security.web.authentication.logout.LogoutFilter@18a07d58, org.springframework.security.web.authentication.UsernamePasswordAuthenticationFilter@2ba1af76, org.springframework.security.web.authentication.ui.DefaultLoginPageGeneratingFilter@7eabbda7, org.springframework.security.web.authentication.ui.DefaultLogoutPageGeneratingFilter@42b0f24d, org.springframework.security.web.savedrequest.RequestCacheAwareFilter@4fbcf847, org.springframework.security.web.servletapi.SecurityContextHolderAwareRequestFilter@6add1750, org.springframework.security.web.authentication.AnonymousAuthenticationFilter@644c2f72, org.springframework.security.web.access.ExceptionTranslationFilter@30d2a2d2, org.springframework.security.web.access.intercept.AuthorizationFilter@3d995b76]
42216 [restartedMain] INFO  o.s.b.d.a.OptionalLiveReloadServer
                – LiveReload server is running on port 35729
42239 [restartedMain] INFO  o.a.coyote.http11.Http11NioProtocol
                – Starting ProtocolHandler ["http-nio-8080"]
42241 [restartedMain] INFO  o.s.b.w.e.tomcat.TomcatWebServer
                – Tomcat started on port(s): 8080 (http) with context path ''
42246 [scheduling-1] INFO  c.c.p.p.s.impl.SchedulerServiceImpl
                – cleanDirectoryAndBackupDatabase is started
42247 [restartedMain] INFO  c.company.practics.practic_23.MyApp
                – Started MyApp in 1.039 seconds (process running for 42.765)
42247 [scheduling-1] INFO  c.c.p.p.s.impl.SchedulerServiceImpl
                – backupStudent is started
42249 [restartedMain] INFO  o.s.b.d.a.ConditionEvaluationDeltaLoggingListener
                – Condition evaluation unchanged
42255 [scheduling-1] INFO  c.c.p.p.s.impl.SchedulerServiceImpl
                – backupStudent is finish
42255 [scheduling-1] INFO  c.c.p.p.s.impl.SchedulerServiceImpl
                – backupUniversity is started
42257 [scheduling-1] INFO  c.c.p.p.s.impl.SchedulerServiceImpl
                – backupUniversity is finish
42257 [scheduling-1] INFO  c.c.p.p.s.impl.SchedulerServiceImpl
                – cleanDirectoryAndBackupDatabase is finish
48420 [File Watcher] INFO  o.s.b.d.a.LocalDevToolsAutoConfiguration$RestartingClassPathChangeChangedEventListener
                – Restarting due to 160 class path changes (129 additions, 31 deletions, 0 modifications)
50422 [Thread-7] INFO  o.a.coyote.http11.Http11NioProtocol
                – Pausing ProtocolHandler ["http-nio-8080"]
50422 [http-nio-8080-Acceptor] ERROR o.apache.tomcat.util.net.Acceptor
                – Socket accept failed
java.nio.channels.AsynchronousCloseException: null
	at java.base/java.nio.channels.spi.AbstractInterruptibleChannel.end(AbstractInterruptibleChannel.java:202)
	at java.base/sun.nio.ch.ServerSocketChannelImpl.end(ServerSocketChannelImpl.java:376)
	at java.base/sun.nio.ch.ServerSocketChannelImpl.accept(ServerSocketChannelImpl.java:399)
	at org.apache.tomcat.util.net.NioEndpoint.serverSocketAccept(NioEndpoint.java:520)
	at org.apache.tomcat.util.net.NioEndpoint.serverSocketAccept(NioEndpoint.java:79)
	at org.apache.tomcat.util.net.Acceptor.run(Acceptor.java:128)
	at java.base/java.lang.Thread.run(Thread.java:833)
50434 [Thread-7] WARN  o.a.tomcat.util.net.NioEndpoint
                – Failed to unlock acceptor for [http-nio-8080] because the local address was not available
50435 [Thread-7] INFO  o.a.catalina.core.StandardService
                – Stopping service [Tomcat]
50439 [Thread-7] INFO  o.a.coyote.http11.Http11NioProtocol
                – Stopping ProtocolHandler ["http-nio-8080"]
50459 [Thread-7] INFO  o.a.coyote.http11.Http11NioProtocol
                – Destroying ProtocolHandler ["http-nio-8080"]
50461 [Thread-7] INFO  o.s.o.j.LocalContainerEntityManagerFactoryBean
                – Closing JPA EntityManagerFactory for persistence unit 'default'
50480 [Thread-7] INFO  com.zaxxer.hikari.HikariDataSource
                – HikariPool-2 - Shutdown initiated...
50482 [Thread-7] INFO  com.zaxxer.hikari.HikariDataSource
                – HikariPool-2 - Shutdown completed.
50555 [restartedMain] INFO  c.company.practics.practic_23.MyApp
                – Starting MyApp using Java 17.0.3 with PID 47086 (/Users/AndreyNovikov/Desktop/Task/target/classes started by AndreyNovikov in /Users/AndreyNovikov/Desktop/Task)
50573 [restartedMain] INFO  c.company.practics.practic_23.MyApp
                – No active profile set, falling back to 1 default profile: "default"
50751 [restartedMain] INFO  o.s.d.r.c.RepositoryConfigurationDelegate
                – Bootstrapping Spring Data JPA repositories in DEFAULT mode.
50771 [restartedMain] INFO  o.s.d.r.c.RepositoryConfigurationDelegate
                – Finished Spring Data repository scanning in 18 ms. Found 2 JPA repository interfaces.
50888 [restartedMain] INFO  o.s.b.w.e.tomcat.TomcatWebServer
                – Tomcat initialized with port(s): 8080 (http)
50889 [restartedMain] INFO  o.a.coyote.http11.Http11NioProtocol
                – Initializing ProtocolHandler ["http-nio-8080"]
50890 [restartedMain] INFO  o.a.catalina.core.StandardService
                – Starting service [Tomcat]
50890 [restartedMain] INFO  o.a.catalina.core.StandardEngine
                – Starting Servlet engine: [Apache Tomcat/10.1.5]
50929 [restartedMain] INFO  o.a.c.c.C.[Tomcat].[localhost].[/]
                – Initializing Spring embedded WebApplicationContext
50931 [restartedMain] INFO  o.s.b.w.s.c.ServletWebServerApplicationContext
                – Root WebApplicationContext: initialization completed in 354 ms
50979 [restartedMain] INFO  com.zaxxer.hikari.HikariDataSource
                – HikariPool-3 - Starting...
51001 [restartedMain] INFO  com.zaxxer.hikari.pool.HikariPool
                – HikariPool-3 - Added connection org.postgresql.jdbc.PgConnection@3f273c8c
51005 [restartedMain] INFO  com.zaxxer.hikari.HikariDataSource
                – HikariPool-3 - Start completed.
51006 [restartedMain] INFO  o.h.jpa.internal.util.LogHelper
                – HHH000204: Processing PersistenceUnitInfo [name: default]
51010 [restartedMain] WARN  org.hibernate.orm.deprecation
                – HHH90000021: Encountered deprecated setting [javax.persistence.sharedCache.mode], use [jakarta.persistence.sharedCache.mode] instead
51025 [restartedMain] INFO  SQL dialect
                – HHH000400: Using dialect: org.hibernate.dialect.PostgreSQLDialect
51109 [restartedMain] INFO  o.h.e.t.j.p.i.JtaPlatformInitiator
                – HHH000490: Using JtaPlatform implementation: [org.hibernate.engine.transaction.jta.platform.internal.NoJtaPlatform]
51126 [restartedMain] INFO  o.s.o.j.LocalContainerEntityManagerFactoryBean
                – Initialized JPA EntityManagerFactory for persistence unit 'default'
51229 [restartedMain] WARN  o.s.b.a.o.j.JpaBaseConfiguration$JpaWebConfiguration
                – spring.jpa.open-in-view is enabled by default. Therefore, database queries may be performed during view rendering. Explicitly configure spring.jpa.open-in-view to disable this warning
51310 [restartedMain] INFO  o.s.s.w.DefaultSecurityFilterChain
                – Will secure any request with [org.springframework.security.web.session.DisableEncodeUrlFilter@7c9df9a7, org.springframework.security.web.context.request.async.WebAsyncManagerIntegrationFilter@35a8b2f4, org.springframework.security.web.context.SecurityContextHolderFilter@6df737c1, org.springframework.security.web.header.HeaderWriterFilter@b33fec, org.springframework.security.web.csrf.CsrfFilter@2282d9fb, org.springframework.security.web.authentication.logout.LogoutFilter@60b22d4e, org.springframework.security.web.authentication.UsernamePasswordAuthenticationFilter@db46d02, org.springframework.security.web.authentication.ui.DefaultLoginPageGeneratingFilter@1ebfa5f8, org.springframework.security.web.authentication.ui.DefaultLogoutPageGeneratingFilter@cae78, org.springframework.security.web.savedrequest.RequestCacheAwareFilter@598e6685, org.springframework.security.web.servletapi.SecurityContextHolderAwareRequestFilter@76ab6a6, org.springframework.security.web.authentication.AnonymousAuthenticationFilter@2efe1f06, org.springframework.security.web.access.ExceptionTranslationFilter@7175e9e3, org.springframework.security.web.access.intercept.AuthorizationFilter@51cc8ba2]
51404 [restartedMain] INFO  o.s.b.d.a.OptionalLiveReloadServer
                – LiveReload server is running on port 35729
51414 [restartedMain] INFO  o.a.coyote.http11.Http11NioProtocol
                – Starting ProtocolHandler ["http-nio-8080"]
51416 [restartedMain] INFO  o.s.b.w.e.tomcat.TomcatWebServer
                – Tomcat started on port(s): 8080 (http) with context path ''
51421 [scheduling-1] INFO  c.c.p.p.s.impl.SchedulerServiceImpl
                – cleanDirectoryAndBackupDatabase is started
51422 [restartedMain] INFO  c.company.practics.practic_23.MyApp
                – Started MyApp in 0.888 seconds (process running for 51.94)
51422 [scheduling-1] INFO  c.c.p.p.s.impl.SchedulerServiceImpl
                – backupStudent is started
51423 [restartedMain] INFO  o.s.b.d.a.ConditionEvaluationDeltaLoggingListener
                – Condition evaluation unchanged
51428 [scheduling-1] INFO  c.c.p.p.s.impl.SchedulerServiceImpl
                – backupStudent is finish
51429 [scheduling-1] INFO  c.c.p.p.s.impl.SchedulerServiceImpl
                – backupUniversity is started
51431 [scheduling-1] INFO  c.c.p.p.s.impl.SchedulerServiceImpl
                – backupUniversity is finish
51431 [scheduling-1] INFO  c.c.p.p.s.impl.SchedulerServiceImpl
                – cleanDirectoryAndBackupDatabase is finish
53823 [SpringApplicationShutdownHook] INFO  o.s.o.j.LocalContainerEntityManagerFactoryBean
                – Closing JPA EntityManagerFactory for persistence unit 'default'
53824 [SpringApplicationShutdownHook] INFO  com.zaxxer.hikari.HikariDataSource
                – HikariPool-3 - Shutdown initiated...
53825 [SpringApplicationShutdownHook] INFO  com.zaxxer.hikari.HikariDataSource
                – HikariPool-3 - Shutdown completed.
816  [restartedMain] INFO  c.company.practics.practic_23.MyApp
                – Starting MyApp using Java 17.0.3 with PID 47151 (/Users/AndreyNovikov/Desktop/Task/target/classes started by AndreyNovikov in /Users/AndreyNovikov/Desktop/Task)
819  [restartedMain] INFO  c.company.practics.practic_23.MyApp
                – No active profile set, falling back to 1 default profile: "default"
864  [restartedMain] INFO  o.s.b.d.e.DevToolsPropertyDefaultsPostProcessor
                – Devtools property defaults active! Set 'spring.devtools.add-properties' to 'false' to disable
864  [restartedMain] INFO  o.s.b.d.e.DevToolsPropertyDefaultsPostProcessor
                – For additional web related logging consider setting the 'logging.level.web' property to 'DEBUG'
1493 [restartedMain] INFO  o.s.d.r.c.RepositoryConfigurationDelegate
                – Bootstrapping Spring Data JPA repositories in DEFAULT mode.
1573 [restartedMain] INFO  o.s.d.r.c.RepositoryConfigurationDelegate
                – Finished Spring Data repository scanning in 71 ms. Found 2 JPA repository interfaces.
2236 [restartedMain] INFO  o.s.b.w.e.tomcat.TomcatWebServer
                – Tomcat initialized with port(s): 8080 (http)
2244 [restartedMain] INFO  o.a.coyote.http11.Http11NioProtocol
                – Initializing ProtocolHandler ["http-nio-8080"]
2245 [restartedMain] INFO  o.a.catalina.core.StandardService
                – Starting service [Tomcat]
2245 [restartedMain] INFO  o.a.catalina.core.StandardEngine
                – Starting Servlet engine: [Apache Tomcat/10.1.5]
2296 [restartedMain] INFO  o.a.c.c.C.[Tomcat].[localhost].[/]
                – Initializing Spring embedded WebApplicationContext
2296 [restartedMain] INFO  o.s.b.w.s.c.ServletWebServerApplicationContext
                – Root WebApplicationContext: initialization completed in 1432 ms
2421 [restartedMain] INFO  com.zaxxer.hikari.HikariDataSource
                – HikariPool-1 - Starting...
2577 [restartedMain] INFO  com.zaxxer.hikari.pool.HikariPool
                – HikariPool-1 - Added connection org.postgresql.jdbc.PgConnection@419d666
2578 [restartedMain] INFO  com.zaxxer.hikari.HikariDataSource
                – HikariPool-1 - Start completed.
2633 [restartedMain] INFO  o.h.jpa.internal.util.LogHelper
                – HHH000204: Processing PersistenceUnitInfo [name: default]
2711 [restartedMain] INFO  org.hibernate.Version
                – HHH000412: Hibernate ORM core version 6.1.6.Final
2882 [restartedMain] WARN  org.hibernate.orm.deprecation
                – HHH90000021: Encountered deprecated setting [javax.persistence.sharedCache.mode], use [jakarta.persistence.sharedCache.mode] instead
3041 [restartedMain] INFO  SQL dialect
                – HHH000400: Using dialect: org.hibernate.dialect.PostgreSQLDialect
3875 [restartedMain] INFO  o.h.e.t.j.p.i.JtaPlatformInitiator
                – HHH000490: Using JtaPlatform implementation: [org.hibernate.engine.transaction.jta.platform.internal.NoJtaPlatform]
3883 [restartedMain] INFO  o.s.o.j.LocalContainerEntityManagerFactoryBean
                – Initialized JPA EntityManagerFactory for persistence unit 'default'
4273 [restartedMain] WARN  o.s.b.a.o.j.JpaBaseConfiguration$JpaWebConfiguration
                – spring.jpa.open-in-view is enabled by default. Therefore, database queries may be performed during view rendering. Explicitly configure spring.jpa.open-in-view to disable this warning
4563 [restartedMain] INFO  o.s.s.w.DefaultSecurityFilterChain
                – Will secure any request with [org.springframework.security.web.session.DisableEncodeUrlFilter@1985d85e, org.springframework.security.web.context.request.async.WebAsyncManagerIntegrationFilter@31868aff, org.springframework.security.web.context.SecurityContextHolderFilter@50650086, org.springframework.security.web.header.HeaderWriterFilter@42910491, org.springframework.security.web.csrf.CsrfFilter@7e1aba42, org.springframework.security.web.authentication.logout.LogoutFilter@30969d47, org.springframework.security.web.authentication.UsernamePasswordAuthenticationFilter@773eb3c7, org.springframework.security.web.authentication.ui.DefaultLoginPageGeneratingFilter@12942dd6, org.springframework.security.web.authentication.ui.DefaultLogoutPageGeneratingFilter@57acb2bf, org.springframework.security.web.savedrequest.RequestCacheAwareFilter@7fe1a41d, org.springframework.security.web.servletapi.SecurityContextHolderAwareRequestFilter@79fb7b3, org.springframework.security.web.authentication.AnonymousAuthenticationFilter@22e878de, org.springframework.security.web.access.ExceptionTranslationFilter@5bbb96ff, org.springframework.security.web.access.intercept.AuthorizationFilter@4141adbb]
4823 [restartedMain] INFO  o.s.b.d.a.OptionalLiveReloadServer
                – LiveReload server is running on port 35729
4849 [restartedMain] INFO  o.a.coyote.http11.Http11NioProtocol
                – Starting ProtocolHandler ["http-nio-8080"]
4864 [restartedMain] INFO  o.s.b.w.e.tomcat.TomcatWebServer
                – Tomcat started on port(s): 8080 (http) with context path ''
4873 [scheduling-1] INFO  c.c.p.p.s.impl.SchedulerServiceImpl
                – cleanDirectoryAndBackupDatabase is started
4873 [scheduling-1] INFO  c.c.p.p.s.impl.SchedulerServiceImpl
                – backupStudent is started
4875 [restartedMain] INFO  c.company.practics.practic_23.MyApp
                – Started MyApp in 4.443 seconds (process running for 5.4)
5016 [scheduling-1] INFO  c.c.p.p.s.impl.SchedulerServiceImpl
                – backupStudent is finish
5016 [scheduling-1] INFO  c.c.p.p.s.impl.SchedulerServiceImpl
                – backupUniversity is started
5021 [scheduling-1] INFO  c.c.p.p.s.impl.SchedulerServiceImpl
                – backupUniversity is finish
5021 [scheduling-1] INFO  c.c.p.p.s.impl.SchedulerServiceImpl
                – cleanDirectoryAndBackupDatabase is finish
10660 [File Watcher] INFO  o.s.b.d.a.LocalDevToolsAutoConfiguration$RestartingClassPathChangeChangedEventListener
                – Restarting due to 102 class path changes (51 additions, 51 deletions, 0 modifications)
12667 [Thread-5] INFO  o.a.coyote.http11.Http11NioProtocol
                – Pausing ProtocolHandler ["http-nio-8080"]
12667 [Thread-5] INFO  o.a.catalina.core.StandardService
                – Stopping service [Tomcat]
12674 [Thread-5] INFO  o.a.coyote.http11.Http11NioProtocol
                – Stopping ProtocolHandler ["http-nio-8080"]
12677 [Thread-5] INFO  o.a.coyote.http11.Http11NioProtocol
                – Destroying ProtocolHandler ["http-nio-8080"]
12680 [Thread-5] INFO  o.s.o.j.LocalContainerEntityManagerFactoryBean
                – Closing JPA EntityManagerFactory for persistence unit 'default'
12684 [Thread-5] INFO  com.zaxxer.hikari.HikariDataSource
                – HikariPool-1 - Shutdown initiated...
12690 [Thread-5] INFO  com.zaxxer.hikari.HikariDataSource
                – HikariPool-1 - Shutdown completed.
12779 [restartedMain] INFO  c.company.practics.practic_23.MyApp
                – Starting MyApp using Java 17.0.3 with PID 47151 (/Users/AndreyNovikov/Desktop/Task/target/classes started by AndreyNovikov in /Users/AndreyNovikov/Desktop/Task)
12779 [restartedMain] INFO  c.company.practics.practic_23.MyApp
                – No active profile set, falling back to 1 default profile: "default"
12954 [restartedMain] INFO  o.s.d.r.c.RepositoryConfigurationDelegate
                – Bootstrapping Spring Data JPA repositories in DEFAULT mode.
12966 [restartedMain] INFO  o.s.d.r.c.RepositoryConfigurationDelegate
                – Finished Spring Data repository scanning in 11 ms. Found 2 JPA repository interfaces.
13055 [restartedMain] INFO  o.s.b.w.e.tomcat.TomcatWebServer
                – Tomcat initialized with port(s): 8080 (http)
13056 [restartedMain] INFO  o.a.coyote.http11.Http11NioProtocol
                – Initializing ProtocolHandler ["http-nio-8080"]
13056 [restartedMain] INFO  o.a.catalina.core.StandardService
                – Starting service [Tomcat]
13056 [restartedMain] INFO  o.a.catalina.core.StandardEngine
                – Starting Servlet engine: [Apache Tomcat/10.1.5]
13066 [restartedMain] INFO  o.a.c.c.C.[Tomcat].[localhost].[/]
                – Initializing Spring embedded WebApplicationContext
13067 [restartedMain] INFO  o.s.b.w.s.c.ServletWebServerApplicationContext
                – Root WebApplicationContext: initialization completed in 286 ms
13094 [restartedMain] INFO  com.zaxxer.hikari.HikariDataSource
                – HikariPool-2 - Starting...
13129 [restartedMain] INFO  com.zaxxer.hikari.pool.HikariPool
                – HikariPool-2 - Added connection org.postgresql.jdbc.PgConnection@2730fea0
13130 [restartedMain] INFO  com.zaxxer.hikari.HikariDataSource
                – HikariPool-2 - Start completed.
13131 [restartedMain] INFO  o.h.jpa.internal.util.LogHelper
                – HHH000204: Processing PersistenceUnitInfo [name: default]
13133 [restartedMain] WARN  org.hibernate.orm.deprecation
                – HHH90000021: Encountered deprecated setting [javax.persistence.sharedCache.mode], use [jakarta.persistence.sharedCache.mode] instead
13145 [restartedMain] INFO  SQL dialect
                – HHH000400: Using dialect: org.hibernate.dialect.PostgreSQLDialect
13230 [restartedMain] INFO  o.h.e.t.j.p.i.JtaPlatformInitiator
                – HHH000490: Using JtaPlatform implementation: [org.hibernate.engine.transaction.jta.platform.internal.NoJtaPlatform]
13230 [restartedMain] INFO  o.s.o.j.LocalContainerEntityManagerFactoryBean
                – Initialized JPA EntityManagerFactory for persistence unit 'default'
13365 [restartedMain] WARN  o.s.b.a.o.j.JpaBaseConfiguration$JpaWebConfiguration
                – spring.jpa.open-in-view is enabled by default. Therefore, database queries may be performed during view rendering. Explicitly configure spring.jpa.open-in-view to disable this warning
13495 [restartedMain] INFO  o.s.s.w.DefaultSecurityFilterChain
                – Will secure any request with [org.springframework.security.web.session.DisableEncodeUrlFilter@3cdd29e3, org.springframework.security.web.context.request.async.WebAsyncManagerIntegrationFilter@2c29b744, org.springframework.security.web.context.SecurityContextHolderFilter@572e80c4, org.springframework.security.web.header.HeaderWriterFilter@5b95365c, org.springframework.security.web.csrf.CsrfFilter@626d002d, org.springframework.security.web.authentication.logout.LogoutFilter@680d0fe6, org.springframework.security.web.authentication.UsernamePasswordAuthenticationFilter@3caf73af, org.springframework.security.web.authentication.ui.DefaultLoginPageGeneratingFilter@52249629, org.springframework.security.web.authentication.ui.DefaultLogoutPageGeneratingFilter@50ce67c0, org.springframework.security.web.savedrequest.RequestCacheAwareFilter@5dc88e64, org.springframework.security.web.servletapi.SecurityContextHolderAwareRequestFilter@20f163bd, org.springframework.security.web.authentication.AnonymousAuthenticationFilter@173b547d, org.springframework.security.web.access.ExceptionTranslationFilter@48d6a252, org.springframework.security.web.access.intercept.AuthorizationFilter@3529364f]
13564 [restartedMain] INFO  o.s.b.d.a.OptionalLiveReloadServer
                – LiveReload server is running on port 35729
13573 [restartedMain] INFO  o.a.coyote.http11.Http11NioProtocol
                – Starting ProtocolHandler ["http-nio-8080"]
13575 [restartedMain] INFO  o.s.b.w.e.tomcat.TomcatWebServer
                – Tomcat started on port(s): 8080 (http) with context path ''
13579 [scheduling-1] INFO  c.c.p.p.s.impl.SchedulerServiceImpl
                – cleanDirectoryAndBackupDatabase is started
13579 [restartedMain] INFO  c.company.practics.practic_23.MyApp
                – Started MyApp in 0.826 seconds (process running for 14.105)
13580 [scheduling-1] INFO  c.c.p.p.s.impl.SchedulerServiceImpl
                – backupStudent is started
13581 [restartedMain] INFO  o.s.b.d.a.ConditionEvaluationDeltaLoggingListener
                – Condition evaluation unchanged
13586 [scheduling-1] INFO  c.c.p.p.s.impl.SchedulerServiceImpl
                – backupStudent is finish
13586 [scheduling-1] INFO  c.c.p.p.s.impl.SchedulerServiceImpl
                – backupUniversity is started
13589 [scheduling-1] INFO  c.c.p.p.s.impl.SchedulerServiceImpl
                – backupUniversity is finish
13590 [scheduling-1] INFO  c.c.p.p.s.impl.SchedulerServiceImpl
                – cleanDirectoryAndBackupDatabase is finish
34248 [http-nio-8080-exec-1] INFO  o.a.c.c.C.[Tomcat].[localhost].[/]
                – Initializing Spring DispatcherServlet 'dispatcherServlet'
34249 [http-nio-8080-exec-1] INFO  o.s.web.servlet.DispatcherServlet
                – Initializing Servlet 'dispatcherServlet'
34250 [http-nio-8080-exec-1] INFO  o.s.web.servlet.DispatcherServlet
                – Completed initialization in 1 ms
34317 [http-nio-8080-exec-1] WARN  o.s.w.s.m.s.DefaultHandlerExceptionResolver
                – Resolved [org.springframework.web.method.annotation.MethodArgumentTypeMismatchException: Failed to convert value of type 'java.lang.String' to required type 'java.lang.Long'; For input string: "registration"]
58737 [SpringApplicationShutdownHook] INFO  o.s.o.j.LocalContainerEntityManagerFactoryBean
                – Closing JPA EntityManagerFactory for persistence unit 'default'
58737 [SpringApplicationShutdownHook] INFO  com.zaxxer.hikari.HikariDataSource
                – HikariPool-2 - Shutdown initiated...
58739 [SpringApplicationShutdownHook] INFO  com.zaxxer.hikari.HikariDataSource
                – HikariPool-2 - Shutdown completed.
666  [restartedMain] INFO  c.company.practics.practic_23.MyApp
                – Starting MyApp using Java 17.0.3 with PID 47223 (/Users/AndreyNovikov/Desktop/Task/target/classes started by AndreyNovikov in /Users/AndreyNovikov/Desktop/Task)
669  [restartedMain] INFO  c.company.practics.practic_23.MyApp
                – No active profile set, falling back to 1 default profile: "default"
711  [restartedMain] INFO  o.s.b.d.e.DevToolsPropertyDefaultsPostProcessor
                – Devtools property defaults active! Set 'spring.devtools.add-properties' to 'false' to disable
711  [restartedMain] INFO  o.s.b.d.e.DevToolsPropertyDefaultsPostProcessor
                – For additional web related logging consider setting the 'logging.level.web' property to 'DEBUG'
1291 [restartedMain] INFO  o.s.d.r.c.RepositoryConfigurationDelegate
                – Bootstrapping Spring Data JPA repositories in DEFAULT mode.
1368 [restartedMain] INFO  o.s.d.r.c.RepositoryConfigurationDelegate
                – Finished Spring Data repository scanning in 63 ms. Found 2 JPA repository interfaces.
2017 [restartedMain] INFO  o.s.b.w.e.tomcat.TomcatWebServer
                – Tomcat initialized with port(s): 8080 (http)
2025 [restartedMain] INFO  o.a.coyote.http11.Http11NioProtocol
                – Initializing ProtocolHandler ["http-nio-8080"]
2026 [restartedMain] INFO  o.a.catalina.core.StandardService
                – Starting service [Tomcat]
2026 [restartedMain] INFO  o.a.catalina.core.StandardEngine
                – Starting Servlet engine: [Apache Tomcat/10.1.5]
2074 [restartedMain] INFO  o.a.c.c.C.[Tomcat].[localhost].[/]
                – Initializing Spring embedded WebApplicationContext
2075 [restartedMain] INFO  o.s.b.w.s.c.ServletWebServerApplicationContext
                – Root WebApplicationContext: initialization completed in 1364 ms
2205 [restartedMain] INFO  com.zaxxer.hikari.HikariDataSource
                – HikariPool-1 - Starting...
2339 [restartedMain] INFO  com.zaxxer.hikari.pool.HikariPool
                – HikariPool-1 - Added connection org.postgresql.jdbc.PgConnection@7b5b904a
2340 [restartedMain] INFO  com.zaxxer.hikari.HikariDataSource
                – HikariPool-1 - Start completed.
2385 [restartedMain] INFO  o.h.jpa.internal.util.LogHelper
                – HHH000204: Processing PersistenceUnitInfo [name: default]
2444 [restartedMain] INFO  org.hibernate.Version
                – HHH000412: Hibernate ORM core version 6.1.6.Final
2593 [restartedMain] WARN  org.hibernate.orm.deprecation
                – HHH90000021: Encountered deprecated setting [javax.persistence.sharedCache.mode], use [jakarta.persistence.sharedCache.mode] instead
2754 [restartedMain] INFO  SQL dialect
                – HHH000400: Using dialect: org.hibernate.dialect.PostgreSQLDialect
3591 [restartedMain] INFO  o.h.e.t.j.p.i.JtaPlatformInitiator
                – HHH000490: Using JtaPlatform implementation: [org.hibernate.engine.transaction.jta.platform.internal.NoJtaPlatform]
3601 [restartedMain] INFO  o.s.o.j.LocalContainerEntityManagerFactoryBean
                – Initialized JPA EntityManagerFactory for persistence unit 'default'
4016 [restartedMain] WARN  o.s.b.a.o.j.JpaBaseConfiguration$JpaWebConfiguration
                – spring.jpa.open-in-view is enabled by default. Therefore, database queries may be performed during view rendering. Explicitly configure spring.jpa.open-in-view to disable this warning
4327 [restartedMain] INFO  o.s.s.w.DefaultSecurityFilterChain
                – Will secure any request with [org.springframework.security.web.session.DisableEncodeUrlFilter@37003513, org.springframework.security.web.context.request.async.WebAsyncManagerIntegrationFilter@39aaf666, org.springframework.security.web.context.SecurityContextHolderFilter@165a4506, org.springframework.security.web.header.HeaderWriterFilter@104cb2cb, org.springframework.security.web.csrf.CsrfFilter@2c87e39e, org.springframework.security.web.authentication.logout.LogoutFilter@64aebb8c, org.springframework.security.web.authentication.UsernamePasswordAuthenticationFilter@4abd0055, org.springframework.security.web.authentication.ui.DefaultLoginPageGeneratingFilter@725ea07f, org.springframework.security.web.authentication.ui.DefaultLogoutPageGeneratingFilter@1c0fee3, org.springframework.security.web.savedrequest.RequestCacheAwareFilter@7f37dede, org.springframework.security.web.servletapi.SecurityContextHolderAwareRequestFilter@32824aa6, org.springframework.security.web.authentication.AnonymousAuthenticationFilter@7333bba0, org.springframework.security.web.access.ExceptionTranslationFilter@22e878de, org.springframework.security.web.access.intercept.AuthorizationFilter@755e01a5]
4556 [restartedMain] INFO  o.s.b.d.a.OptionalLiveReloadServer
                – LiveReload server is running on port 35729
4578 [restartedMain] INFO  o.a.coyote.http11.Http11NioProtocol
                – Starting ProtocolHandler ["http-nio-8080"]
4590 [restartedMain] INFO  o.s.b.w.e.tomcat.TomcatWebServer
                – Tomcat started on port(s): 8080 (http) with context path ''
4598 [scheduling-1] INFO  c.c.p.p.s.impl.SchedulerServiceImpl
                – cleanDirectoryAndBackupDatabase is started
4599 [scheduling-1] INFO  c.c.p.p.s.impl.SchedulerServiceImpl
                – backupStudent is started
4600 [restartedMain] INFO  c.company.practics.practic_23.MyApp
                – Started MyApp in 4.249 seconds (process running for 4.998)
4749 [scheduling-1] INFO  c.c.p.p.s.impl.SchedulerServiceImpl
                – backupStudent is finish
4749 [scheduling-1] INFO  c.c.p.p.s.impl.SchedulerServiceImpl
                – backupUniversity is started
4754 [scheduling-1] INFO  c.c.p.p.s.impl.SchedulerServiceImpl
                – backupUniversity is finish
4754 [scheduling-1] INFO  c.c.p.p.s.impl.SchedulerServiceImpl
                – cleanDirectoryAndBackupDatabase is finish
10171 [http-nio-8080-exec-1] INFO  o.a.c.c.C.[Tomcat].[localhost].[/]
                – Initializing Spring DispatcherServlet 'dispatcherServlet'
10172 [http-nio-8080-exec-1] INFO  o.s.web.servlet.DispatcherServlet
                – Initializing Servlet 'dispatcherServlet'
10178 [http-nio-8080-exec-1] INFO  o.s.web.servlet.DispatcherServlet
                – Completed initialization in 6 ms
31330 [http-nio-8080-exec-1] WARN  o.s.w.s.m.s.DefaultHandlerExceptionResolver
                – Resolved [org.springframework.web.method.annotation.MethodArgumentTypeMismatchException: Failed to convert value of type 'java.lang.String' to required type 'java.lang.Long'; For input string: "registration"]
45749 [http-nio-8080-exec-3] WARN  o.s.w.s.m.s.DefaultHandlerExceptionResolver
                – Resolved [org.springframework.web.method.annotation.MethodArgumentTypeMismatchException: Failed to convert value of type 'java.lang.String' to required type 'java.lang.Long'; For input string: "registration"]
75070 [SpringApplicationShutdownHook] INFO  o.s.o.j.LocalContainerEntityManagerFactoryBean
                – Closing JPA EntityManagerFactory for persistence unit 'default'
75076 [SpringApplicationShutdownHook] INFO  com.zaxxer.hikari.HikariDataSource
                – HikariPool-1 - Shutdown initiated...
75079 [SpringApplicationShutdownHook] INFO  com.zaxxer.hikari.HikariDataSource
                – HikariPool-1 - Shutdown completed.
694  [restartedMain] INFO  c.company.practics.practic_23.MyApp
                – Starting MyApp using Java 17.0.3 with PID 47269 (/Users/AndreyNovikov/Desktop/Task/target/classes started by AndreyNovikov in /Users/AndreyNovikov/Desktop/Task)
697  [restartedMain] INFO  c.company.practics.practic_23.MyApp
                – No active profile set, falling back to 1 default profile: "default"
751  [restartedMain] INFO  o.s.b.d.e.DevToolsPropertyDefaultsPostProcessor
                – Devtools property defaults active! Set 'spring.devtools.add-properties' to 'false' to disable
756  [restartedMain] INFO  o.s.b.d.e.DevToolsPropertyDefaultsPostProcessor
                – For additional web related logging consider setting the 'logging.level.web' property to 'DEBUG'
1386 [restartedMain] INFO  o.s.d.r.c.RepositoryConfigurationDelegate
                – Bootstrapping Spring Data JPA repositories in DEFAULT mode.
1448 [restartedMain] INFO  o.s.d.r.c.RepositoryConfigurationDelegate
                – Finished Spring Data repository scanning in 53 ms. Found 2 JPA repository interfaces.
2106 [restartedMain] INFO  o.s.b.w.e.tomcat.TomcatWebServer
                – Tomcat initialized with port(s): 8080 (http)
2116 [restartedMain] INFO  o.a.coyote.http11.Http11NioProtocol
                – Initializing ProtocolHandler ["http-nio-8080"]
2117 [restartedMain] INFO  o.a.catalina.core.StandardService
                – Starting service [Tomcat]
2117 [restartedMain] INFO  o.a.catalina.core.StandardEngine
                – Starting Servlet engine: [Apache Tomcat/10.1.5]
2167 [restartedMain] INFO  o.a.c.c.C.[Tomcat].[localhost].[/]
                – Initializing Spring embedded WebApplicationContext
2167 [restartedMain] INFO  o.s.b.w.s.c.ServletWebServerApplicationContext
                – Root WebApplicationContext: initialization completed in 1410 ms
2306 [restartedMain] INFO  com.zaxxer.hikari.HikariDataSource
                – HikariPool-1 - Starting...
2436 [restartedMain] INFO  com.zaxxer.hikari.pool.HikariPool
                – HikariPool-1 - Added connection org.postgresql.jdbc.PgConnection@158a8b4b
2438 [restartedMain] INFO  com.zaxxer.hikari.HikariDataSource
                – HikariPool-1 - Start completed.
2480 [restartedMain] INFO  o.h.jpa.internal.util.LogHelper
                – HHH000204: Processing PersistenceUnitInfo [name: default]
2534 [restartedMain] INFO  org.hibernate.Version
                – HHH000412: Hibernate ORM core version 6.1.6.Final
2686 [restartedMain] WARN  org.hibernate.orm.deprecation
                – HHH90000021: Encountered deprecated setting [javax.persistence.sharedCache.mode], use [jakarta.persistence.sharedCache.mode] instead
2835 [restartedMain] INFO  SQL dialect
                – HHH000400: Using dialect: org.hibernate.dialect.PostgreSQLDialect
3649 [restartedMain] INFO  o.h.e.t.j.p.i.JtaPlatformInitiator
                – HHH000490: Using JtaPlatform implementation: [org.hibernate.engine.transaction.jta.platform.internal.NoJtaPlatform]
3657 [restartedMain] INFO  o.s.o.j.LocalContainerEntityManagerFactoryBean
                – Initialized JPA EntityManagerFactory for persistence unit 'default'
4042 [restartedMain] WARN  o.s.b.a.o.j.JpaBaseConfiguration$JpaWebConfiguration
                – spring.jpa.open-in-view is enabled by default. Therefore, database queries may be performed during view rendering. Explicitly configure spring.jpa.open-in-view to disable this warning
4320 [restartedMain] INFO  o.s.s.w.DefaultSecurityFilterChain
                – Will secure any request with [org.springframework.security.web.session.DisableEncodeUrlFilter@10fb2fda, org.springframework.security.web.context.request.async.WebAsyncManagerIntegrationFilter@632b71ac, org.springframework.security.web.context.SecurityContextHolderFilter@3670acbf, org.springframework.security.web.header.HeaderWriterFilter@53ab00e9, org.springframework.security.web.csrf.CsrfFilter@343f5ee, org.springframework.security.web.authentication.logout.LogoutFilter@6d45e88d, org.springframework.security.web.authentication.UsernamePasswordAuthenticationFilter@11895485, org.springframework.security.web.authentication.ui.DefaultLoginPageGeneratingFilter@44540af, org.springframework.security.web.authentication.ui.DefaultLogoutPageGeneratingFilter@60ff12d1, org.springframework.security.web.savedrequest.RequestCacheAwareFilter@1cd0dc3c, org.springframework.security.web.servletapi.SecurityContextHolderAwareRequestFilter@662b34d4, org.springframework.security.web.authentication.AnonymousAuthenticationFilter@aad0576, org.springframework.security.web.access.ExceptionTranslationFilter@ecf9da9, org.springframework.security.web.access.intercept.AuthorizationFilter@996dc09]
4563 [restartedMain] INFO  o.s.b.d.a.OptionalLiveReloadServer
                – LiveReload server is running on port 35729
4584 [restartedMain] INFO  o.a.coyote.http11.Http11NioProtocol
                – Starting ProtocolHandler ["http-nio-8080"]
4597 [restartedMain] INFO  o.s.b.w.e.tomcat.TomcatWebServer
                – Tomcat started on port(s): 8080 (http) with context path ''
4605 [scheduling-1] INFO  c.c.p.p.s.impl.SchedulerServiceImpl
                – cleanDirectoryAndBackupDatabase is started
4606 [scheduling-1] INFO  c.c.p.p.s.impl.SchedulerServiceImpl
                – backupStudent is started
4607 [restartedMain] INFO  c.company.practics.practic_23.MyApp
                – Started MyApp in 4.228 seconds (process running for 5.006)
4730 [scheduling-1] INFO  c.c.p.p.s.impl.SchedulerServiceImpl
                – backupStudent is finish
4731 [scheduling-1] INFO  c.c.p.p.s.impl.SchedulerServiceImpl
                – backupUniversity is started
4735 [scheduling-1] INFO  c.c.p.p.s.impl.SchedulerServiceImpl
                – backupUniversity is finish
4736 [scheduling-1] INFO  c.c.p.p.s.impl.SchedulerServiceImpl
                – cleanDirectoryAndBackupDatabase is finish
9163 [http-nio-8080-exec-1] INFO  o.a.c.c.C.[Tomcat].[localhost].[/]
                – Initializing Spring DispatcherServlet 'dispatcherServlet'
9163 [http-nio-8080-exec-1] INFO  o.s.web.servlet.DispatcherServlet
                – Initializing Servlet 'dispatcherServlet'
9164 [http-nio-8080-exec-1] INFO  o.s.web.servlet.DispatcherServlet
                – Completed initialization in 1 ms
233095 [SpringApplicationShutdownHook] INFO  o.s.o.j.LocalContainerEntityManagerFactoryBean
                – Closing JPA EntityManagerFactory for persistence unit 'default'
233124 [SpringApplicationShutdownHook] INFO  com.zaxxer.hikari.HikariDataSource
                – HikariPool-1 - Shutdown initiated...
233131 [SpringApplicationShutdownHook] INFO  com.zaxxer.hikari.HikariDataSource
                – HikariPool-1 - Shutdown completed.
771  [restartedMain] INFO  c.company.practics.practic_23.MyApp
                – Starting MyApp using Java 17.0.3 with PID 47404 (/Users/AndreyNovikov/Desktop/Task/target/classes started by AndreyNovikov in /Users/AndreyNovikov/Desktop/Task)
775  [restartedMain] INFO  c.company.practics.practic_23.MyApp
                – No active profile set, falling back to 1 default profile: "default"
823  [restartedMain] INFO  o.s.b.d.e.DevToolsPropertyDefaultsPostProcessor
                – Devtools property defaults active! Set 'spring.devtools.add-properties' to 'false' to disable
825  [restartedMain] INFO  o.s.b.d.e.DevToolsPropertyDefaultsPostProcessor
                – For additional web related logging consider setting the 'logging.level.web' property to 'DEBUG'
1435 [restartedMain] INFO  o.s.d.r.c.RepositoryConfigurationDelegate
                – Bootstrapping Spring Data JPA repositories in DEFAULT mode.
1501 [restartedMain] INFO  o.s.d.r.c.RepositoryConfigurationDelegate
                – Finished Spring Data repository scanning in 56 ms. Found 2 JPA repository interfaces.
2152 [restartedMain] INFO  o.s.b.w.e.tomcat.TomcatWebServer
                – Tomcat initialized with port(s): 8080 (http)
2160 [restartedMain] INFO  o.a.coyote.http11.Http11NioProtocol
                – Initializing ProtocolHandler ["http-nio-8080"]
2160 [restartedMain] INFO  o.a.catalina.core.StandardService
                – Starting service [Tomcat]
2160 [restartedMain] INFO  o.a.catalina.core.StandardEngine
                – Starting Servlet engine: [Apache Tomcat/10.1.5]
2208 [restartedMain] INFO  o.a.c.c.C.[Tomcat].[localhost].[/]
                – Initializing Spring embedded WebApplicationContext
2208 [restartedMain] INFO  o.s.b.w.s.c.ServletWebServerApplicationContext
                – Root WebApplicationContext: initialization completed in 1383 ms
2347 [restartedMain] INFO  com.zaxxer.hikari.HikariDataSource
                – HikariPool-1 - Starting...
2488 [restartedMain] INFO  com.zaxxer.hikari.pool.HikariPool
                – HikariPool-1 - Added connection org.postgresql.jdbc.PgConnection@1611c842
2489 [restartedMain] INFO  com.zaxxer.hikari.HikariDataSource
                – HikariPool-1 - Start completed.
2532 [restartedMain] INFO  o.h.jpa.internal.util.LogHelper
                – HHH000204: Processing PersistenceUnitInfo [name: default]
2589 [restartedMain] INFO  org.hibernate.Version
                – HHH000412: Hibernate ORM core version 6.1.6.Final
2754 [restartedMain] WARN  org.hibernate.orm.deprecation
                – HHH90000021: Encountered deprecated setting [javax.persistence.sharedCache.mode], use [jakarta.persistence.sharedCache.mode] instead
2912 [restartedMain] INFO  SQL dialect
                – HHH000400: Using dialect: org.hibernate.dialect.PostgreSQLDialect
3698 [restartedMain] INFO  o.h.e.t.j.p.i.JtaPlatformInitiator
                – HHH000490: Using JtaPlatform implementation: [org.hibernate.engine.transaction.jta.platform.internal.NoJtaPlatform]
3707 [restartedMain] INFO  o.s.o.j.LocalContainerEntityManagerFactoryBean
                – Initialized JPA EntityManagerFactory for persistence unit 'default'
4112 [restartedMain] WARN  o.s.b.a.o.j.JpaBaseConfiguration$JpaWebConfiguration
                – spring.jpa.open-in-view is enabled by default. Therefore, database queries may be performed during view rendering. Explicitly configure spring.jpa.open-in-view to disable this warning
4422 [restartedMain] INFO  o.s.s.w.DefaultSecurityFilterChain
                – Will secure any request with [org.springframework.security.web.session.DisableEncodeUrlFilter@674bcc28, org.springframework.security.web.context.request.async.WebAsyncManagerIntegrationFilter@1a04f493, org.springframework.security.web.context.SecurityContextHolderFilter@409e8a6f, org.springframework.security.web.header.HeaderWriterFilter@42615f3c, org.springframework.security.web.csrf.CsrfFilter@181e516d, org.springframework.security.web.authentication.logout.LogoutFilter@f193afd, org.springframework.security.web.authentication.UsernamePasswordAuthenticationFilter@48808ec5, org.springframework.security.web.authentication.ui.DefaultLoginPageGeneratingFilter@6d9b504a, org.springframework.security.web.authentication.ui.DefaultLogoutPageGeneratingFilter@2536fe93, org.springframework.security.web.savedrequest.RequestCacheAwareFilter@385662ce, org.springframework.security.web.servletapi.SecurityContextHolderAwareRequestFilter@219d4476, org.springframework.security.web.authentication.AnonymousAuthenticationFilter@44540af, org.springframework.security.web.access.ExceptionTranslationFilter@14513044, org.springframework.security.web.access.intercept.AuthorizationFilter@1cd0dc3c]
4655 [restartedMain] INFO  o.s.b.d.a.OptionalLiveReloadServer
                – LiveReload server is running on port 35729
4676 [restartedMain] INFO  o.a.coyote.http11.Http11NioProtocol
                – Starting ProtocolHandler ["http-nio-8080"]
4688 [restartedMain] INFO  o.s.b.w.e.tomcat.TomcatWebServer
                – Tomcat started on port(s): 8080 (http) with context path ''
4695 [scheduling-1] INFO  c.c.p.p.s.impl.SchedulerServiceImpl
                – cleanDirectoryAndBackupDatabase is started
4696 [scheduling-1] INFO  c.c.p.p.s.impl.SchedulerServiceImpl
                – backupStudent is started
4697 [restartedMain] INFO  c.company.practics.practic_23.MyApp
                – Started MyApp in 4.297 seconds (process running for 5.144)
4838 [scheduling-1] INFO  c.c.p.p.s.impl.SchedulerServiceImpl
                – backupStudent is finish
4838 [scheduling-1] INFO  c.c.p.p.s.impl.SchedulerServiceImpl
                – backupUniversity is started
4845 [scheduling-1] INFO  c.c.p.p.s.impl.SchedulerServiceImpl
                – backupUniversity is finish
4845 [scheduling-1] INFO  c.c.p.p.s.impl.SchedulerServiceImpl
                – cleanDirectoryAndBackupDatabase is finish
13496 [http-nio-8080-exec-1] INFO  o.a.c.c.C.[Tomcat].[localhost].[/]
                – Initializing Spring DispatcherServlet 'dispatcherServlet'
13497 [http-nio-8080-exec-1] INFO  o.s.web.servlet.DispatcherServlet
                – Initializing Servlet 'dispatcherServlet'
13498 [http-nio-8080-exec-1] INFO  o.s.web.servlet.DispatcherServlet
                – Completed initialization in 1 ms
28957 [http-nio-8080-exec-9] WARN  o.s.web.servlet.PageNotFound
                – No mapping for GET /students/
86671 [http-nio-8080-exec-6] WARN  o.s.web.servlet.PageNotFound
                – No mapping for GET /students/
195926 [SpringApplicationShutdownHook] INFO  o.s.o.j.LocalContainerEntityManagerFactoryBean
                – Closing JPA EntityManagerFactory for persistence unit 'default'
195933 [SpringApplicationShutdownHook] INFO  com.zaxxer.hikari.HikariDataSource
                – HikariPool-1 - Shutdown initiated...
195936 [SpringApplicationShutdownHook] INFO  com.zaxxer.hikari.HikariDataSource
                – HikariPool-1 - Shutdown completed.
